<?xml version="1.0" encoding="UTF-8"?>
<!-- Generated by org.testng.reporters.JUnitReportReporter -->
<testsuite hostname="DESKTOP-J9T7IKA" failures="0" tests="1" name="com.smartfren.LogoutPageTest" time="122.670" errors="0" timestamp="2024-12-20T16:48:06 IST" skipped="0">
  <testcase classname="com.smartfren.LogoutPageTest" name="logouttest" time="122.670"/>
  <system-out/>
</testsuite> <!-- com.smartfren.LogoutPageTest -->
