<?xml version="1.0" encoding="UTF-8"?>
<!-- Generated by org.testng.reporters.JUnitReportReporter -->
<testsuite hostname="DESKTOP-J9T7IKA" failures="0" tests="1" name="com.smartfren.LogoutPageTest" time="89.306" errors="0" timestamp="2025-01-25T22:29:35 IST" skipped="0">
  <testcase classname="com.smartfren.LogoutPageTest" name="logouttest" time="89.306"/>
</testsuite> <!-- com.smartfren.LogoutPageTest -->
