<?xml version="1.0" encoding="UTF-8"?>
<!-- Generated by org.testng.reporters.JUnitReportReporter -->
<testsuite hostname="DESKTOP-J9T7IKA" failures="0" tests="1" name="com.smartfren.LogoutPageTest" time="92.562" errors="0" timestamp="2025-02-01T13:49:07 IST" skipped="0">
  <testcase classname="com.smartfren.LogoutPageTest" name="logouttest" time="92.562"/>
</testsuite> <!-- com.smartfren.LogoutPageTest -->
