<?xml version="1.0" encoding="UTF-8"?>
<!-- Generated by org.testng.reporters.JUnitReportReporter -->
<testsuite hostname="DESKTOP-J9T7IKA" failures="0" tests="1" name="com.smartfren.LoginPageTest" time="86.033" errors="0" timestamp="2025-02-01T13:49:07 IST" skipped="0">
  <testcase classname="com.smartfren.LoginPageTest" name="login" time="86.033"/>
</testsuite> <!-- com.smartfren.LoginPageTest -->
